25/05/2016 13:13:57
Càrrega inicial formulari
25/05/2016 13:13:58
Certificat al  CN=CPISR-1 C Isaac Muñoz Bringué, SERIALNUMBER=43716052K, T=PAS-L-, G=Isaac, SN=Muñoz Bringué, OU=Vegeu https://www.catcert.cat/verCPISR-1CarrecUR (c)03, OU=Serveis Públics de Certificació CPISR-1 amb càrrec, O=Universitat de Lleida, C=ES F6C7DDC99A8E4A722EC0CB9A519F6FEEFA33DC05
25/05/2016 13:13:58
----------------Càrrega inicial formulari--------------------------------------------------------
25/05/2016 13:13:58
CN=CPISR-1 C Isaac Muñoz Bringué, SERIALNUMBER=43716052K, T=PAS-L-, G=Isaac, SN=Muñoz Bringué, OU=Vegeu https://www.catcert.cat/verCPISR-1CarrecUR (c)03, OU=Serveis Públics de Certificació CPISR-1 amb càrrec, O=Universitat de Lleida, C=ES
25/05/2016 13:13:58
CPISR-1 C Isaac Muñoz Bringué
25/05/2016 13:13:58
43716052K
25/05/2016 13:14:47
Càrrega inicial formulari
25/05/2016 13:16:11
Certificat al  CN=CPISR-1 C Isaac Muñoz Bringué, SERIALNUMBER=43716052K, T=PAS-L-, G=Isaac, SN=Muñoz Bringué, OU=Vegeu https://www.catcert.cat/verCPISR-1CarrecUR (c)03, OU=Serveis Públics de Certificació CPISR-1 amb càrrec, O=Universitat de Lleida, C=ES F6C7DDC99A8E4A722EC0CB9A519F6FEEFA33DC05
25/05/2016 13:16:21
----------------Càrrega inicial formulari--------------------------------------------------------
25/05/2016 13:16:22
CN=CPISR-1 C Isaac Muñoz Bringué, SERIALNUMBER=43716052K, T=PAS-L-, G=Isaac, SN=Muñoz Bringué, OU=Vegeu https://www.catcert.cat/verCPISR-1CarrecUR (c)03, OU=Serveis Públics de Certificació CPISR-1 amb càrrec, O=Universitat de Lleida, C=ES
25/05/2016 13:16:28
CPISR-1 C Isaac Muñoz Bringué
25/05/2016 13:16:29
43716052K
25/05/2016 13:16:58
Càrrega inicial formulari
25/05/2016 13:17:11
Certificat al  CN=CPISR-1 C Isaac Muñoz Bringué, SERIALNUMBER=43716052K, T=PAS-L-, G=Isaac, SN=Muñoz Bringué, OU=Vegeu https://www.catcert.cat/verCPISR-1CarrecUR (c)03, OU=Serveis Públics de Certificació CPISR-1 amb càrrec, O=Universitat de Lleida, C=ES F6C7DDC99A8E4A722EC0CB9A519F6FEEFA33DC05
25/05/2016 13:17:11
----------------Càrrega inicial formulari--------------------------------------------------------
25/05/2016 13:17:11
CN=CPISR-1 C Isaac Muñoz Bringué, SERIALNUMBER=43716052K, T=PAS-L-, G=Isaac, SN=Muñoz Bringué, OU=Vegeu https://www.catcert.cat/verCPISR-1CarrecUR (c)03, OU=Serveis Públics de Certificació CPISR-1 amb càrrec, O=Universitat de Lleida, C=ES
25/05/2016 13:17:11
CPISR-1 C Isaac Muñoz Bringué
25/05/2016 13:17:11
43716052K
25/05/2016 13:19:49
Càrrega inicial formulari
25/05/2016 13:19:49
Certificat al  CN=CPISR-1 C Isaac Muñoz Bringué, SERIALNUMBER=43716052K, T=PAS-L-, G=Isaac, SN=Muñoz Bringué, OU=Vegeu https://www.catcert.cat/verCPISR-1CarrecUR (c)03, OU=Serveis Públics de Certificació CPISR-1 amb càrrec, O=Universitat de Lleida, C=ES F6C7DDC99A8E4A722EC0CB9A519F6FEEFA33DC05
25/05/2016 13:19:49
----------------Càrrega inicial formulari--------------------------------------------------------
25/05/2016 13:19:49
CN=CPISR-1 C Isaac Muñoz Bringué, SERIALNUMBER=43716052K, T=PAS-L-, G=Isaac, SN=Muñoz Bringué, OU=Vegeu https://www.catcert.cat/verCPISR-1CarrecUR (c)03, OU=Serveis Públics de Certificació CPISR-1 amb càrrec, O=Universitat de Lleida, C=ES
25/05/2016 13:19:49
CPISR-1 C Isaac Muñoz Bringué
25/05/2016 13:19:49
43716052K
25/05/2016 13:19:51
Càrrega inicial formulari
25/05/2016 13:19:51
CANVI REALITZAT!
25/05/2016 13:36:19
Càrrega inicial formulari
25/05/2016 13:36:19
Certificat al  CN=CPISR-1 C Isaac Muñoz Bringué, SERIALNUMBER=43716052K, T=PAS-L-, G=Isaac, SN=Muñoz Bringué, OU=Vegeu https://www.catcert.cat/verCPISR-1CarrecUR (c)03, OU=Serveis Públics de Certificació CPISR-1 amb càrrec, O=Universitat de Lleida, C=ES F6C7DDC99A8E4A722EC0CB9A519F6FEEFA33DC05
25/05/2016 13:36:19
----------------Càrrega inicial formulari--------------------------------------------------------
25/05/2016 13:36:19
CN=CPISR-1 C Isaac Muñoz Bringué, SERIALNUMBER=43716052K, T=PAS-L-, G=Isaac, SN=Muñoz Bringué, OU=Vegeu https://www.catcert.cat/verCPISR-1CarrecUR (c)03, OU=Serveis Públics de Certificació CPISR-1 amb càrrec, O=Universitat de Lleida, C=ES
25/05/2016 13:36:19
CPISR-1 C Isaac Muñoz Bringué
25/05/2016 13:36:19
43716052K
25/05/2016 13:36:26
Càrrega inicial formulari
25/05/2016 13:36:26
Certificat al  CN=CPISR-1 C Isaac Muñoz Bringué, SERIALNUMBER=43716052K, T=PAS-L-, G=Isaac, SN=Muñoz Bringué, OU=Vegeu https://www.catcert.cat/verCPISR-1CarrecUR (c)03, OU=Serveis Públics de Certificació CPISR-1 amb càrrec, O=Universitat de Lleida, C=ES F6C7DDC99A8E4A722EC0CB9A519F6FEEFA33DC05
25/05/2016 13:36:26
----------------Càrrega inicial formulari--------------------------------------------------------
25/05/2016 13:36:26
CN=CPISR-1 C Isaac Muñoz Bringué, SERIALNUMBER=43716052K, T=PAS-L-, G=Isaac, SN=Muñoz Bringué, OU=Vegeu https://www.catcert.cat/verCPISR-1CarrecUR (c)03, OU=Serveis Públics de Certificació CPISR-1 amb càrrec, O=Universitat de Lleida, C=ES
25/05/2016 13:36:26
CPISR-1 C Isaac Muñoz Bringué
25/05/2016 13:36:26
43716052K
25/05/2016 13:37:47
Càrrega inicial formulari
25/05/2016 13:37:47
CANVI REALITZAT!
