04/02/2016 12:48:46
Càrrega inicial formulari
04/02/2016 12:48:46
No hi ha certificat al client
04/02/2016 12:49:27
Càrrega inicial formulari
04/02/2016 12:49:27
No hi ha certificat al client
04/02/2016 12:50:00
Càrrega inicial formulari
04/02/2016 12:50:00
No hi ha certificat al client
04/02/2016 17:00:39
Càrrega inicial formulari
04/02/2016 17:00:39
Certificat al  CN=CPISR-1 C Isaac Muñoz Bringué, SERIALNUMBER=43716052K, T=PAS-L-, G=Isaac, SN=Muñoz Bringué, OU=Vegeu https://www.catcert.cat/verCPISR-1CarrecUR (c)03, OU=Serveis Públics de Certificació CPISR-1 amb càrrec, O=Universitat de Lleida, C=ES F6C7DDC99A8E4A722EC0CB9A519F6FEEFA33DC05
04/02/2016 17:00:39
----------------Càrrega inicial formulari--------------------------------------------------------
04/02/2016 17:00:39
CN=CPISR-1 C Isaac Muñoz Bringué, SERIALNUMBER=43716052K, T=PAS-L-, G=Isaac, SN=Muñoz Bringué, OU=Vegeu https://www.catcert.cat/verCPISR-1CarrecUR (c)03, OU=Serveis Públics de Certificació CPISR-1 amb càrrec, O=Universitat de Lleida, C=ES
04/02/2016 17:00:39
CPISR-1 C Isaac Muñoz Bringué
04/02/2016 17:00:39
43716052K
04/02/2016 17:04:57
Càrrega inicial formulari
04/02/2016 17:05:02
Certificat al  CN=CPISR-1 C Isaac Muñoz Bringué, SERIALNUMBER=43716052K, T=PAS-L-, G=Isaac, SN=Muñoz Bringué, OU=Vegeu https://www.catcert.cat/verCPISR-1CarrecUR (c)03, OU=Serveis Públics de Certificació CPISR-1 amb càrrec, O=Universitat de Lleida, C=ES F6C7DDC99A8E4A722EC0CB9A519F6FEEFA33DC05
04/02/2016 17:05:03
----------------Càrrega inicial formulari--------------------------------------------------------
04/02/2016 17:05:03
CN=CPISR-1 C Isaac Muñoz Bringué, SERIALNUMBER=43716052K, T=PAS-L-, G=Isaac, SN=Muñoz Bringué, OU=Vegeu https://www.catcert.cat/verCPISR-1CarrecUR (c)03, OU=Serveis Públics de Certificació CPISR-1 amb càrrec, O=Universitat de Lleida, C=ES
04/02/2016 17:05:03
CPISR-1 C Isaac Muñoz Bringué
04/02/2016 17:05:03
43716052K
04/02/2016 17:06:27
Càrrega inicial formulari
04/02/2016 17:06:27
No hi ha certificat al client
10/02/2016 10:25:04
Càrrega inicial formulari
10/02/2016 10:25:04
No hi ha certificat al client
10/02/2016 10:25:04
No hi ha certificat al client
10/02/2016 10:27:34
Càrrega inicial formulari
10/02/2016 10:31:14
Càrrega inicial formulari
10/02/2016 10:31:14
No hi ha certificat al client
15/02/2016 8:16:10
Càrrega inicial formulari
15/02/2016 8:17:47
No hi ha certificat al client
15/02/2016 8:18:48
Càrrega inicial formulari
15/02/2016 8:18:59
No hi ha certificat al client
15/02/2016 8:21:10
Càrrega inicial formulari
15/02/2016 8:21:39
No hi ha certificat al client
15/02/2016 8:25:32
Càrrega inicial formulari
15/02/2016 8:25:44
No hi ha certificat al client
15/02/2016 8:26:12
Càrrega inicial formulari
15/02/2016 8:26:22
No hi ha certificat al client
15/02/2016 8:28:08
Càrrega inicial formulari
15/02/2016 8:53:57
Càrrega inicial formulari
15/02/2016 8:54:50
Càrrega inicial formulari
15/02/2016 8:55:20
No hi ha certificat al client
15/02/2016 8:57:13
Càrrega inicial formulari
15/02/2016 9:00:19
Càrrega inicial formulari
15/02/2016 9:00:22
Càrrega inicial formulari
15/02/2016 9:00:52
Càrrega inicial formulari
15/02/2016 9:04:50
Càrrega inicial formulari
15/02/2016 9:04:50
No hi ha certificat al client
15/02/2016 9:04:50
Càrrega inicial formulari
15/02/2016 9:04:50
No hi ha certificat al client
15/02/2016 9:05:16
Càrrega inicial formulari
15/02/2016 9:05:27
No hi ha certificat al client
15/02/2016 9:05:31
Càrrega inicial formulari
15/02/2016 9:05:41
No hi ha certificat al client
15/02/2016 11:44:58
Càrrega inicial formulari
15/02/2016 11:44:58
No hi ha certificat al client
