07/06/2016 14:03:44
Càrrega inicial formulari
07/06/2016 14:03:55
Certificat al  CN=CPISR-1 C Isaac Muñoz Bringué, SERIALNUMBER=43716052K, T=PAS-L-, G=Isaac, SN=Muñoz Bringué, OU=Vegeu https://www.catcert.cat/verCPISR-1CarrecUR (c)03, OU=Serveis Públics de Certificació CPISR-1 amb càrrec, O=Universitat de Lleida, C=ES F6C7DDC99A8E4A722EC0CB9A519F6FEEFA33DC05
07/06/2016 14:04:07
----------------Càrrega inicial formulari--------------------------------------------------------
07/06/2016 14:04:07
CN=CPISR-1 C Isaac Muñoz Bringué, SERIALNUMBER=43716052K, T=PAS-L-, G=Isaac, SN=Muñoz Bringué, OU=Vegeu https://www.catcert.cat/verCPISR-1CarrecUR (c)03, OU=Serveis Públics de Certificació CPISR-1 amb càrrec, O=Universitat de Lleida, C=ES
07/06/2016 14:04:07
CPISR-1 C Isaac Muñoz Bringué
07/06/2016 14:04:07
43716052K
07/06/2016 14:11:07
Càrrega inicial formulari
07/06/2016 14:11:09
Certificat al  CN=CPISR-1 C Isaac Muñoz Bringué, SERIALNUMBER=43716052K, T=PAS-L-, G=Isaac, SN=Muñoz Bringué, OU=Vegeu https://www.catcert.cat/verCPISR-1CarrecUR (c)03, OU=Serveis Públics de Certificació CPISR-1 amb càrrec, O=Universitat de Lleida, C=ES F6C7DDC99A8E4A722EC0CB9A519F6FEEFA33DC05
07/06/2016 14:11:09
----------------Càrrega inicial formulari--------------------------------------------------------
07/06/2016 14:11:09
CN=CPISR-1 C Isaac Muñoz Bringué, SERIALNUMBER=43716052K, T=PAS-L-, G=Isaac, SN=Muñoz Bringué, OU=Vegeu https://www.catcert.cat/verCPISR-1CarrecUR (c)03, OU=Serveis Públics de Certificació CPISR-1 amb càrrec, O=Universitat de Lleida, C=ES
07/06/2016 14:11:09
CPISR-1 C Isaac Muñoz Bringué
07/06/2016 14:11:09
43716052K
07/06/2016 14:14:50
Càrrega inicial formulari
07/06/2016 14:14:56
Certificat al  CN=CPISR-1 C Maria del Carmen Alonso Graño, SERIALNUMBER=78080428M, T=PAS-F-, G=Maria del Carmen, SN=Alonso Graño, OU=Vegeu https://www.catcert.cat/verCPISR-1CarrecUR (c)03, OU=Serveis Públics de Certificació CPISR-1 amb càrrec, O=Universitat de Lleida, C=ES 0540F19FF53DC21C8EF61EB9E3FDC21A4824E733
07/06/2016 14:15:01
----------------Càrrega inicial formulari--------------------------------------------------------
07/06/2016 14:15:01
CN=CPISR-1 C Maria del Carmen Alonso Graño, SERIALNUMBER=78080428M, T=PAS-F-, G=Maria del Carmen, SN=Alonso Graño, OU=Vegeu https://www.catcert.cat/verCPISR-1CarrecUR (c)03, OU=Serveis Públics de Certificació CPISR-1 amb càrrec, O=Universitat de Lleida, C=ES
07/06/2016 14:15:01
CPISR-1 C Maria del Carmen Alonso Graño
07/06/2016 14:15:01
78080428M
07/06/2016 14:20:27
Càrrega inicial formulari
07/06/2016 14:20:53
No hi ha certificat al client
07/06/2016 14:23:02
Càrrega inicial formulari
07/06/2016 14:23:13
Certificat al  CN=CPISR-1 C Maria Jose Monne Florensa, SERIALNUMBER=40889478D, G=Maria Jose, SN=Monne Florensa, OU=Vegeu https://www.aoc.cat/CATCert/Regulacio, O=Universitat de Lleida, C=ES 57D342D8564597A92AD4185E6CDB30C51F0B010D
07/06/2016 14:23:16
----------------Càrrega inicial formulari--------------------------------------------------------
07/06/2016 14:23:16
CN=CPISR-1 C Maria Jose Monne Florensa, SERIALNUMBER=40889478D, G=Maria Jose, SN=Monne Florensa, OU=Vegeu https://www.aoc.cat/CATCert/Regulacio, O=Universitat de Lleida, C=ES
07/06/2016 14:23:16
CPISR-1 C Maria Jose Monne Florensa
07/06/2016 14:23:16
40889478D
07/06/2016 14:23:57
Càrrega inicial formulari
07/06/2016 14:24:04
Certificat al  CN=CPISR-1 C Maria Jose Monne Florensa, SERIALNUMBER=40889478D, G=Maria Jose, SN=Monne Florensa, OU=Vegeu https://www.aoc.cat/CATCert/Regulacio, O=Universitat de Lleida, C=ES 57D342D8564597A92AD4185E6CDB30C51F0B010D
07/06/2016 14:24:05
----------------Càrrega inicial formulari--------------------------------------------------------
07/06/2016 14:24:05
CN=CPISR-1 C Maria Jose Monne Florensa, SERIALNUMBER=40889478D, G=Maria Jose, SN=Monne Florensa, OU=Vegeu https://www.aoc.cat/CATCert/Regulacio, O=Universitat de Lleida, C=ES
07/06/2016 14:24:05
CPISR-1 C Maria Jose Monne Florensa
07/06/2016 14:24:05
40889478D
07/06/2016 14:24:18
Càrrega inicial formulari
07/06/2016 14:24:21
Certificat al  CN=CPISR-1 C Maria Jose Monne Florensa, SERIALNUMBER=40889478D, G=Maria Jose, SN=Monne Florensa, OU=Vegeu https://www.aoc.cat/CATCert/Regulacio, O=Universitat de Lleida, C=ES 57D342D8564597A92AD4185E6CDB30C51F0B010D
07/06/2016 14:24:21
----------------Càrrega inicial formulari--------------------------------------------------------
07/06/2016 14:24:21
CN=CPISR-1 C Maria Jose Monne Florensa, SERIALNUMBER=40889478D, G=Maria Jose, SN=Monne Florensa, OU=Vegeu https://www.aoc.cat/CATCert/Regulacio, O=Universitat de Lleida, C=ES
07/06/2016 14:24:21
CPISR-1 C Maria Jose Monne Florensa
07/06/2016 14:24:21
40889478D
07/06/2016 14:24:42
Càrrega inicial formulari
07/06/2016 14:24:58
Certificat al  CN=CPISR-1 C Maria Jose Monne Florensa, SERIALNUMBER=40889478D, G=Maria Jose, SN=Monne Florensa, OU=Vegeu https://www.aoc.cat/CATCert/Regulacio, O=Universitat de Lleida, C=ES 57D342D8564597A92AD4185E6CDB30C51F0B010D
07/06/2016 14:24:58
----------------Càrrega inicial formulari--------------------------------------------------------
07/06/2016 14:24:58
CN=CPISR-1 C Maria Jose Monne Florensa, SERIALNUMBER=40889478D, G=Maria Jose, SN=Monne Florensa, OU=Vegeu https://www.aoc.cat/CATCert/Regulacio, O=Universitat de Lleida, C=ES
07/06/2016 14:24:58
CPISR-1 C Maria Jose Monne Florensa
07/06/2016 14:24:58
40889478D
07/06/2016 14:25:24
Càrrega inicial formulari
07/06/2016 14:25:24
CANVI REALITZAT!
07/06/2016 14:25:28
Càrrega inicial formulari
07/06/2016 14:25:28
Certificat al  CN=CPISR-1 C Maria Jose Monne Florensa, SERIALNUMBER=40889478D, G=Maria Jose, SN=Monne Florensa, OU=Vegeu https://www.aoc.cat/CATCert/Regulacio, O=Universitat de Lleida, C=ES 57D342D8564597A92AD4185E6CDB30C51F0B010D
07/06/2016 14:25:28
----------------Càrrega inicial formulari--------------------------------------------------------
07/06/2016 14:25:28
CN=CPISR-1 C Maria Jose Monne Florensa, SERIALNUMBER=40889478D, G=Maria Jose, SN=Monne Florensa, OU=Vegeu https://www.aoc.cat/CATCert/Regulacio, O=Universitat de Lleida, C=ES
07/06/2016 14:25:28
CPISR-1 C Maria Jose Monne Florensa
07/06/2016 14:25:28
40889478D
