16/07/2025 11:48:43
Càrrega inicial formulari
16/07/2025 11:50:18
Càrrega inicial formulari
16/07/2025 11:52:21
Càrrega inicial formulari
16/07/2025 11:52:46
Càrrega inicial formulari
16/07/2025 11:53:09
Tractant Arxiu C:\Compartida\Repo_Projectes\eadmin_CSV2CatalegServeis\eadmin_CSV2CatServeis\VersioEnWeb\927B5287_ArxiuImportacio.CSV
16/07/2025 12:19:24
Esborrant registres anteriors
16/07/2025 12:19:40
Tractant Fila 1
16/07/2025 12:19:40
Tractant Fila 2
16/07/2025 12:19:41
Tractant Fila 3
16/07/2025 12:19:41
Tractant Fila 4
16/07/2025 12:19:41
Tractant Fila 5
16/07/2025 12:19:42
Tractant Fila 6
16/07/2025 12:19:42
Tractant Fila 7
16/07/2025 12:19:42
Tractant Fila 8
16/07/2025 12:19:43
Tractant Fila 9
16/07/2025 12:19:43
Tractant Fila 10
16/07/2025 12:19:44
Tractant Fila 11
16/07/2025 12:19:45
Tractant Fila 12
16/07/2025 12:19:45
Tractant Fila 13
16/07/2025 12:19:45
Tractant Fila 14
16/07/2025 12:19:46
Tractant Fila 15
16/07/2025 12:19:46
Tractant Fila 16
16/07/2025 12:19:47
Tractant Fila 17
16/07/2025 12:19:47
Tractant Fila 18
16/07/2025 12:19:48
Tractant Fila 19
16/07/2025 12:19:48
Tractant Fila 20
16/07/2025 12:19:49
Tractant Fila 21
16/07/2025 12:19:49
Tractant Fila 22
16/07/2025 12:19:50
Tractant Fila 23
16/07/2025 12:19:50
Tractant Fila 24
16/07/2025 12:19:51
Tractant Fila 25
16/07/2025 12:19:51
Tractant Fila 26
16/07/2025 12:19:51
Tractant Fila 27
16/07/2025 12:19:52
Tractant Fila 28
16/07/2025 12:19:52
Tractant Fila 29
16/07/2025 12:19:53
Tractant Fila 30
16/07/2025 12:19:53
Tractant Fila 31
16/07/2025 12:19:54
Tractant Fila 32
16/07/2025 12:19:54
Tractant Fila 33
16/07/2025 12:19:55
Tractant Fila 34
16/07/2025 12:19:56
Tractant Fila 35
16/07/2025 12:19:56
Tractant Fila 36
16/07/2025 12:19:56
Tractant Fila 37
16/07/2025 12:19:56
Tractant Fila 38
16/07/2025 12:19:57
Tractant Fila 39
16/07/2025 12:19:57
Tractant Fila 40
16/07/2025 12:19:58
Tractant Fila 41
16/07/2025 12:19:58
Tractant Fila 42
16/07/2025 12:19:58
Tractant Fila 43
16/07/2025 12:19:59
Tractant Fila 44
16/07/2025 12:19:59
Tractant Fila 45
16/07/2025 12:19:59
Tractant Fila 46
16/07/2025 12:19:59
Tractant Fila 47
16/07/2025 12:20:00
Tractant Fila 48
16/07/2025 12:20:00
Tractant Fila 49
16/07/2025 12:20:01
Tractant Fila 50
16/07/2025 12:20:02
Tractant Fila 51
16/07/2025 12:20:02
Tractant Fila 52
16/07/2025 12:20:03
Tractant Fila 53
16/07/2025 12:20:04
Tractant Fila 54
16/07/2025 12:20:04
Tractant Fila 55
16/07/2025 12:20:04
Tractant Fila 56
16/07/2025 12:20:05
Tractant Fila 57
16/07/2025 12:20:05
Tractant Fila 58
16/07/2025 12:20:05
Tractant Fila 59
16/07/2025 12:20:06
Tractant Fila 60
16/07/2025 12:20:06
Tractant Fila 61
16/07/2025 12:20:06
Tractant Fila 62
16/07/2025 12:20:07
Tractant Fila 63
16/07/2025 12:20:07
Tractant Fila 64
16/07/2025 12:20:07
Tractant Fila 65
16/07/2025 12:20:08
Tractant Fila 66
16/07/2025 12:20:08
Tractant Fila 67
16/07/2025 12:20:09
Tractant Fila 68
16/07/2025 12:20:09
Tractant Fila 69
16/07/2025 12:20:10
Tractant Fila 70
16/07/2025 12:20:11
Tractant Fila 71
16/07/2025 12:20:11
Tractant Fila 72
16/07/2025 12:20:12
Tractant Fila 73
16/07/2025 12:20:12
Tractant Fila 74
16/07/2025 12:20:12
Tractant Fila 75
16/07/2025 12:20:13
Tractant Fila 76
16/07/2025 12:20:13
Tractant Fila 77
16/07/2025 12:20:14
Tractant Fila 78
16/07/2025 12:20:14
Tractant Fila 79
16/07/2025 12:20:14
Tractant Fila 80
16/07/2025 12:20:15
Tractant Fila 81
16/07/2025 12:20:15
Tractant Fila 82
16/07/2025 12:20:15
Tractant Fila 83
16/07/2025 12:20:16
Tractant Fila 84
16/07/2025 12:20:16
Càrrega inicial formulari
16/07/2025 12:20:16
CANVI REALITZAT!
16/07/2025 12:20:16
ERROR AL IMPORT CSV Subproceso anulado.
16/07/2025 12:20:21
Càrrega inicial formulari
16/07/2025 12:20:33
Càrrega inicial formulari
16/07/2025 12:20:39
Tractant Arxiu C:\Compartida\Repo_Projectes\eadmin_CSV2CatalegServeis\eadmin_CSV2CatServeis\VersioEnWeb\531F23A3_ArxiuImportacio.CSV
16/07/2025 12:20:49
Esborrant registres anteriors
16/07/2025 12:21:27
Tractant Fila 1
16/07/2025 12:22:30
Tractant Fila 2
16/07/2025 12:22:31
Tractant Fila 3
16/07/2025 12:22:31
Tractant Fila 4
16/07/2025 12:22:31
Tractant Fila 5
16/07/2025 12:22:32
Tractant Fila 6
16/07/2025 12:22:32
Tractant Fila 7
16/07/2025 12:22:33
Tractant Fila 8
16/07/2025 12:22:33
Tractant Fila 9
16/07/2025 12:22:34
Tractant Fila 10
16/07/2025 12:22:34
Tractant Fila 11
16/07/2025 12:22:35
Tractant Fila 12
16/07/2025 12:22:35
Tractant Fila 13
16/07/2025 12:22:36
Tractant Fila 14
16/07/2025 12:22:36
Tractant Fila 15
16/07/2025 12:22:36
Tractant Fila 16
16/07/2025 12:22:37
Tractant Fila 17
16/07/2025 12:22:37
Tractant Fila 18
16/07/2025 12:22:38
Tractant Fila 19
16/07/2025 12:22:38
Tractant Fila 20
16/07/2025 12:22:39
Tractant Fila 21
16/07/2025 12:22:39
Tractant Fila 22
16/07/2025 12:22:40
Tractant Fila 23
16/07/2025 12:22:40
Tractant Fila 24
16/07/2025 12:22:41
Tractant Fila 25
16/07/2025 12:22:41
Tractant Fila 26
16/07/2025 12:22:42
Tractant Fila 27
16/07/2025 12:22:42
Tractant Fila 28
16/07/2025 12:22:42
Tractant Fila 29
16/07/2025 12:22:43
Tractant Fila 30
16/07/2025 12:22:43
Tractant Fila 31
16/07/2025 12:22:44
Tractant Fila 32
16/07/2025 12:22:45
Tractant Fila 33
16/07/2025 12:22:45
Tractant Fila 34
16/07/2025 12:22:46
Tractant Fila 35
16/07/2025 12:22:46
Tractant Fila 36
16/07/2025 12:22:46
Tractant Fila 37
16/07/2025 12:22:46
Tractant Fila 38
16/07/2025 12:22:47
Tractant Fila 39
16/07/2025 12:22:47
Tractant Fila 40
16/07/2025 12:22:48
Tractant Fila 41
16/07/2025 12:22:48
Tractant Fila 42
16/07/2025 12:22:48
Tractant Fila 43
16/07/2025 12:22:48
Tractant Fila 44
16/07/2025 12:22:49
Tractant Fila 45
16/07/2025 12:22:49
Tractant Fila 46
16/07/2025 12:22:49
Tractant Fila 47
16/07/2025 12:22:50
Tractant Fila 48
16/07/2025 12:22:50
Tractant Fila 49
16/07/2025 12:22:51
Tractant Fila 50
16/07/2025 12:22:52
Tractant Fila 51
16/07/2025 12:22:52
Tractant Fila 52
16/07/2025 12:22:53
Tractant Fila 53
16/07/2025 12:22:53
Tractant Fila 54
16/07/2025 12:22:54
Tractant Fila 55
16/07/2025 12:22:54
Tractant Fila 56
16/07/2025 12:22:55
Tractant Fila 57
16/07/2025 12:22:55
Tractant Fila 58
16/07/2025 12:22:56
Tractant Fila 59
16/07/2025 12:22:56
Tractant Fila 60
16/07/2025 12:22:56
Tractant Fila 61
16/07/2025 12:22:57
Tractant Fila 62
16/07/2025 12:22:57
Tractant Fila 63
16/07/2025 12:22:57
Tractant Fila 64
16/07/2025 12:22:58
Tractant Fila 65
16/07/2025 12:22:58
Tractant Fila 66
16/07/2025 12:22:59
Tractant Fila 67
16/07/2025 12:22:59
Tractant Fila 68
16/07/2025 12:22:59
Tractant Fila 69
16/07/2025 12:23:01
Tractant Fila 70
16/07/2025 12:23:02
Tractant Fila 71
16/07/2025 12:23:02
Tractant Fila 72
16/07/2025 12:23:03
Tractant Fila 73
16/07/2025 12:23:03
Tractant Fila 74
16/07/2025 12:23:03
Tractant Fila 75
16/07/2025 12:23:04
Tractant Fila 76
16/07/2025 12:23:04
Tractant Fila 77
16/07/2025 12:23:05
Tractant Fila 78
16/07/2025 12:23:05
Tractant Fila 79
16/07/2025 12:23:05
Tractant Fila 80
16/07/2025 12:23:06
Tractant Fila 81
16/07/2025 12:23:06
Tractant Fila 82
16/07/2025 12:23:07
Tractant Fila 83
16/07/2025 12:23:07
Tractant Fila 84
16/07/2025 12:23:07
Càrrega inicial formulari
16/07/2025 12:23:07
CANVI REALITZAT!
16/07/2025 12:23:07
ERROR AL IMPORT CSV Subproceso anulado.
